<?xml version="1.0" encoding="UTF-8"?>
<!-- Generated by org.testng.reporters.JUnitXMLReporter -->
<testsuite ignored="0" hostname="DESKTOP-PHM1FPO" failures="0" tests="1" name="Test login" time="0.055" errors="0" timestamp="2024-10-17T23:23:50 IST">
  <testcase classname="testng.login" name="@BeforeClass setup" time="0.009">
    <failure type="java.lang.Error" message="Unresolved compilation problem: 
	url cannot be resolved to a variable
">
      <![CDATA[java.lang.Error: Unresolved compilation problem: 
url cannot be resolved to a variable

at testng.login.setup(login.java:20)
at java.base/java.util.ArrayList.forEach(ArrayList.java:1596)
... Removed 23 stack frames]]>
    </failure>
  </testcase> <!-- @BeforeClass setup -->
  <testcase classname="testng.login" name="loginhms" time="0.0">
    <skipped/>
  </testcase> <!-- loginhms -->
</testsuite> <!-- Test login -->
