<?xml version="1.0" encoding="UTF-8"?>
<!-- Generated by org.testng.reporters.JUnitXMLReporter -->
<testsuite ignored="1" hostname="DESKTOP-PHM1FPO" failures="0" tests="4" name="Default test" time="0.05" errors="0" timestamp="2025-02-14T14:40:21 IST">
  <testcase classname="testng.invocation" name="maven" time="0.009"/>
  <testcase classname="testng.invocation" name="maven" time="0.0"/>
  <testcase classname="testng.invocation" name="maven" time="0.001"/>
  <testcase classname="testng.invocation" name="maven" time="0.001"/>
  <testcase classname="testng.invocation" name="java" time="0.0">
    <ignored/>
  </testcase> <!-- java -->
</testsuite> <!-- Default test -->
