<?xml version="1.0" encoding="UTF-8"?>
<testng-results ignored="1" total="5" passed="4" failed="0" skipped="0">
  <reporter-output>
  </reporter-output>
  <suite started-at="2025-02-14T14:40:21 IST" name="Default suite" finished-at="2025-02-14T14:40:21 IST" duration-ms="50">
    <groups>
    </groups>
    <test started-at="2025-02-14T14:40:21 IST" name="Default test" finished-at="2025-02-14T14:40:21 IST" duration-ms="50">
      <class name="testng.invocation">
        <test-method signature="maven()[pri:0, instance:testng.invocation@4f6ee6e4]" started-at="2025-02-14T14:40:21 IST" name="maven" finished-at="2025-02-14T14:40:21 IST" duration-ms="9" status="PASS">
          <reporter-output>
          </reporter-output>
        </test-method> <!-- maven -->
        <test-method signature="maven()[pri:0, instance:testng.invocation@4f6ee6e4]" started-at="2025-02-14T14:40:21 IST" name="maven" finished-at="2025-02-14T14:40:21 IST" duration-ms="0" status="PASS">
          <reporter-output>
          </reporter-output>
        </test-method> <!-- maven -->
        <test-method signature="maven()[pri:0, instance:testng.invocation@4f6ee6e4]" started-at="2025-02-14T14:40:21 IST" name="maven" finished-at="2025-02-14T14:40:21 IST" duration-ms="1" status="PASS">
          <reporter-output>
          </reporter-output>
        </test-method> <!-- maven -->
        <test-method signature="maven()[pri:0, instance:testng.invocation@4f6ee6e4]" started-at="2025-02-14T14:40:21 IST" name="maven" finished-at="2025-02-14T14:40:21 IST" duration-ms="1" status="PASS">
          <reporter-output>
          </reporter-output>
        </test-method> <!-- maven -->
      </class> <!-- testng.invocation -->
    </test> <!-- Default test -->
  </suite> <!-- Default suite -->
</testng-results>
